<?xml version="1.0" encoding="UTF-8"?>
<!-- Generated by org.testng.reporters.JUnitReportReporter -->
<testsuite hostname="DESKTOP-BVQN4C8" failures="0" tests="1" name="pageobject.PageObject" time="13.359" errors="0" timestamp="2021-06-10T15:57:50 IST" skipped="0">
  <testcase classname="pageobject.PageObject" name="verifyHomepageTitle" time="13.359"/>
  <system-out/>
</testsuite> <!-- pageobject.PageObject -->
